<?xml version="1.0" encoding="UTF-8"?>
<!-- Generated by org.testng.reporters.JUnitReportReporter -->
<testsuite hostname="souvik-Envy" failures="0" tests="5" name="testRunner.TestRunner" time="184.669" errors="0" timestamp="2024-07-18T17:45:23 IST" skipped="0">
  <testcase classname="testRunner.TestRunner" name="runScenario" time="37.383"/>
  <system-out/>
  <testcase classname="testRunner.TestRunner" name="runScenario" time="37.671"/>
  <system-out/>
  <testcase classname="testRunner.TestRunner" name="runScenario" time="37.291"/>
  <system-out/>
  <testcase classname="testRunner.TestRunner" name="runScenario" time="35.180"/>
  <system-out/>
  <testcase classname="testRunner.TestRunner" name="runScenario" time="37.144"/>
  <system-out/>
</testsuite> <!-- testRunner.TestRunner -->
