<?xml version="1.0" encoding="UTF-8"?>
<!-- Generated by org.testng.reporters.JUnitReportReporter -->
<testsuite hostname="souvik-Envy" failures="0" tests="5" name="testRunner.TestRunner" time="74.166" errors="0" timestamp="2024-07-12T02:47:18 IST" skipped="0">
  <testcase classname="testRunner.TestRunner" name="runScenario" time="14.860"/>
  <system-out/>
  <testcase classname="testRunner.TestRunner" name="runScenario" time="14.964"/>
  <system-out/>
  <testcase classname="testRunner.TestRunner" name="runScenario" time="15.027"/>
  <system-out/>
  <testcase classname="testRunner.TestRunner" name="runScenario" time="14.825"/>
  <system-out/>
  <testcase classname="testRunner.TestRunner" name="runScenario" time="14.490"/>
  <system-out/>
</testsuite> <!-- testRunner.TestRunner -->
