<?xml version="1.0" encoding="UTF-8"?>
<!-- Generated by org.testng.reporters.JUnitReportReporter -->
<testsuite hostname="souvik-Envy" failures="0" tests="5" name="testRunner.TestRunner" time="205.122" errors="0" timestamp="2024-07-18T17:24:46 IST" skipped="0">
  <testcase classname="testRunner.TestRunner" name="runScenario" time="41.385"/>
  <system-out/>
  <testcase classname="testRunner.TestRunner" name="runScenario" time="41.031"/>
  <system-out/>
  <testcase classname="testRunner.TestRunner" name="runScenario" time="43.047"/>
  <system-out/>
  <testcase classname="testRunner.TestRunner" name="runScenario" time="38.579"/>
  <system-out/>
  <testcase classname="testRunner.TestRunner" name="runScenario" time="41.080"/>
  <system-out/>
</testsuite> <!-- testRunner.TestRunner -->
