<?xml version="1.0" encoding="UTF-8"?>
<!-- Generated by org.testng.reporters.JUnitReportReporter -->
<testsuite hostname="souvik-Envy" failures="0" tests="5" name="testRunner.TestRunner" time="185.835" errors="0" timestamp="2024-07-18T17:18:33 IST" skipped="0">
  <testcase classname="testRunner.TestRunner" name="runScenario" time="36.847"/>
  <system-out/>
  <testcase classname="testRunner.TestRunner" name="runScenario" time="35.562"/>
  <system-out/>
  <testcase classname="testRunner.TestRunner" name="runScenario" time="41.149"/>
  <system-out/>
  <testcase classname="testRunner.TestRunner" name="runScenario" time="37.130"/>
  <system-out/>
  <testcase classname="testRunner.TestRunner" name="runScenario" time="35.147"/>
  <system-out/>
</testsuite> <!-- testRunner.TestRunner -->
