<?xml version="1.0" encoding="UTF-8"?>
<!-- Generated by org.testng.reporters.JUnitReportReporter -->
<testsuite hostname="souvik-Envy" failures="0" tests="5" name="testRunner.TestRunner" time="163.825" errors="0" timestamp="2024-07-12T01:20:52 IST" skipped="0">
  <testcase classname="testRunner.TestRunner" name="runScenario" time="32.988"/>
  <testcase classname="testRunner.TestRunner" name="runScenario" time="33.050"/>
  <testcase classname="testRunner.TestRunner" name="runScenario" time="31.197"/>
  <testcase classname="testRunner.TestRunner" name="runScenario" time="33.158"/>
  <testcase classname="testRunner.TestRunner" name="runScenario" time="33.432"/>
</testsuite> <!-- testRunner.TestRunner -->
