<?xml version="1.0" encoding="UTF-8"?>
<!-- Generated by org.testng.reporters.JUnitReportReporter -->
<testsuite hostname="souvik-Envy" failures="0" tests="5" name="testRunner.TestRunner" time="163.024" errors="0" timestamp="2024-07-20T01:54:39 IST" skipped="0">
  <testcase classname="testRunner.TestRunner" name="runScenario" time="32.931"/>
  <system-out/>
  <testcase classname="testRunner.TestRunner" name="runScenario" time="31.359"/>
  <system-out/>
  <testcase classname="testRunner.TestRunner" name="runScenario" time="32.913"/>
  <system-out/>
  <testcase classname="testRunner.TestRunner" name="runScenario" time="32.585"/>
  <system-out/>
  <testcase classname="testRunner.TestRunner" name="runScenario" time="33.236"/>
  <system-out/>
</testsuite> <!-- testRunner.TestRunner -->
