<?xml version="1.0" encoding="UTF-8"?>
<!-- Generated by org.testng.reporters.JUnitReportReporter -->
<testsuite hostname="souvik-Envy" failures="0" tests="5" name="testRunner.TestRunner" time="88.684" errors="0" timestamp="2024-07-20T02:08:32 IST" skipped="0">
  <testcase classname="testRunner.TestRunner" name="runScenario" time="17.749"/>
  <system-out/>
  <testcase classname="testRunner.TestRunner" name="runScenario" time="18.050"/>
  <system-out/>
  <testcase classname="testRunner.TestRunner" name="runScenario" time="18.117"/>
  <system-out/>
  <testcase classname="testRunner.TestRunner" name="runScenario" time="16.522"/>
  <system-out/>
  <testcase classname="testRunner.TestRunner" name="runScenario" time="18.246"/>
  <system-out/>
</testsuite> <!-- testRunner.TestRunner -->
