<?xml version="1.0" encoding="UTF-8"?>
<!-- Generated by org.testng.reporters.JUnitReportReporter -->
<testsuite hostname="souvik-Envy" failures="0" tests="5" name="testRunner.TestRunner" time="1.502" errors="5" timestamp="2024-07-20T01:31:41 IST" skipped="0">
  <testcase classname="testRunner.TestRunner" name="runScenario" time="0.300">
    <error message="Cannot invoke &quot;org.openqa.selenium.WebDriver.get(String)&quot; because the return value of &quot;java.lang.ThreadLocal.get()&quot; is null" type="java.lang.NullPointerException">
      <![CDATA[java.lang.NullPointerException: Cannot invoke "org.openqa.selenium.WebDriver.get(String)" because the return value of "java.lang.ThreadLocal.get()" is null
at steps.GoogleSearch.I_visit_google(GoogleSearch.java:33)
at ✽.I am on the Google search page(file:///C:/Users/SOUVIK%20SARKAR/git/repository/cucumberBDD/src/test/java/feature/google.feature:4)
]]>
    </error>
  </testcase> <!-- runScenario -->
  <system-out/>
  <testcase classname="testRunner.TestRunner" name="runScenario" time="0.301">
    <error message="Cannot invoke &quot;org.openqa.selenium.WebDriver.get(String)&quot; because the return value of &quot;java.lang.ThreadLocal.get()&quot; is null" type="java.lang.NullPointerException">
      <![CDATA[java.lang.NullPointerException: Cannot invoke "org.openqa.selenium.WebDriver.get(String)" because the return value of "java.lang.ThreadLocal.get()" is null
at steps.GoogleSearch.I_visit_google(GoogleSearch.java:33)
at ✽.I am on the Google search page(file:///C:/Users/SOUVIK%20SARKAR/git/repository/cucumberBDD/src/test/java/feature/google.feature:4)
]]>
    </error>
  </testcase> <!-- runScenario -->
  <system-out/>
  <testcase classname="testRunner.TestRunner" name="runScenario" time="0.301">
    <error message="Cannot invoke &quot;org.openqa.selenium.WebDriver.get(String)&quot; because the return value of &quot;java.lang.ThreadLocal.get()&quot; is null" type="java.lang.NullPointerException">
      <![CDATA[java.lang.NullPointerException: Cannot invoke "org.openqa.selenium.WebDriver.get(String)" because the return value of "java.lang.ThreadLocal.get()" is null
at steps.GoogleSearch.I_visit_google(GoogleSearch.java:33)
at ✽.I am on the Google search page(file:///C:/Users/SOUVIK%20SARKAR/git/repository/cucumberBDD/src/test/java/feature/google.feature:4)
]]>
    </error>
  </testcase> <!-- runScenario -->
  <system-out/>
  <testcase classname="testRunner.TestRunner" name="runScenario" time="0.298">
    <error message="Cannot invoke &quot;org.openqa.selenium.WebDriver.get(String)&quot; because the return value of &quot;java.lang.ThreadLocal.get()&quot; is null" type="java.lang.NullPointerException">
      <![CDATA[java.lang.NullPointerException: Cannot invoke "org.openqa.selenium.WebDriver.get(String)" because the return value of "java.lang.ThreadLocal.get()" is null
at steps.GoogleSearch.I_visit_google(GoogleSearch.java:33)
at ✽.I am on the Google search page(file:///C:/Users/SOUVIK%20SARKAR/git/repository/cucumberBDD/src/test/java/feature/google.feature:4)
]]>
    </error>
  </testcase> <!-- runScenario -->
  <system-out/>
  <testcase classname="testRunner.TestRunner" name="runScenario" time="0.302">
    <error message="Cannot invoke &quot;org.openqa.selenium.WebDriver.get(String)&quot; because the return value of &quot;java.lang.ThreadLocal.get()&quot; is null" type="java.lang.NullPointerException">
      <![CDATA[java.lang.NullPointerException: Cannot invoke "org.openqa.selenium.WebDriver.get(String)" because the return value of "java.lang.ThreadLocal.get()" is null
at steps.GoogleSearch.I_visit_google(GoogleSearch.java:33)
at ✽.I am on the Google search page(file:///C:/Users/SOUVIK%20SARKAR/git/repository/cucumberBDD/src/test/java/feature/google.feature:4)
]]>
    </error>
  </testcase> <!-- runScenario -->
  <system-out/>
</testsuite> <!-- testRunner.TestRunner -->
